<?xml version="1.0" encoding="UTF-8"?>
<!-- Generated by org.testng.reporters.JUnitXMLReporter -->
<testsuite ignored="0" hostname="Anagha_Gram" failures="2" tests="5" name="Test" time="117.849" errors="0" timestamp="2022-05-25T12:05:20 BST">
  <testcase classname="tests.StoreTests" name="verifyRegisterUser" time="12.116"/>
  <testcase classname="tests.StoreTests" name="verifyRegisterUser" time="22.062">
    <failure type="java.lang.AssertionError" message="expected [true] but found [false]">
      <![CDATA[java.lang.AssertionError: expected [true] but found [false]
at tests.StoreTests.verifyRegisterUser(StoreTests.java:34)
at java.base/java.util.ArrayList.forEach(ArrayList.java:1511)
... Removed 36 stack frames]]>
    </failure>
  </testcase> <!-- verifyRegisterUser -->
  <testcase classname="tests.StoreTests" name="verifyLoginUser" time="6.821"/>
  <testcase classname="tests.StoreTests" name="verifyLoginUser" time="3.913">
    <failure type="java.lang.AssertionError" message="expected [http://localhost/Avactis/home.php] but found [http://localhost/Avactis/sign-in.php?timestamp=1653476650]">
      <![CDATA[java.lang.AssertionError: expected [http://localhost/Avactis/home.php] but found [http://localhost/Avactis/sign-in.php?timestamp=1653476650]
at pageobjects.MyAccountPage.isLoaded(MyAccountPage.java:43)
at org.openqa.selenium.support.ui.LoadableComponent.get(LoadableComponent.java:52)
at pageobjects.MyAccountPage.<init>(MyAccountPage.java:31)
at pageobjects.SignInPage.login(SignInPage.java:73)
at tests.StoreTests.verifyLoginUser(StoreTests.java:42)
at java.base/java.util.ArrayList.forEach(ArrayList.java:1511)
... Removed 37 stack frames]]>
    </failure>
  </testcase> <!-- verifyLoginUser -->
  <testcase classname="tests.StoreTests" name="verifyProductsAddedToCart" time="36.782"/>
</testsuite> <!-- Test -->
