<?xml version="1.0" encoding="UTF-8"?>
<testng-results ignored="0" total="3" passed="2" failed="1" skipped="0">
  <reporter-output>
  </reporter-output>
  <suite started-at="2022-05-20T20:10:40 BST" name="Default suite" finished-at="2022-05-20T20:11:15 BST" duration-ms="35002">
    <groups>
    </groups>
    <test started-at="2022-05-20T20:10:40 BST" name="Default test" finished-at="2022-05-20T20:11:15 BST" duration-ms="35002">
      <class name="storefront.testclasses.StoreTests">
        <test-method is-config="true" signature="beforeSuite()[pri:0, instance:storefront.testclasses.StoreTests@6ab4ba9f]" started-at="2022-05-20T20:10:40 BST" name="beforeSuite" finished-at="2022-05-20T20:10:40 BST" duration-ms="25" status="PASS">
          <reporter-output>
          </reporter-output>
        </test-method> <!-- beforeSuite -->
        <test-method is-config="true" signature="beforeTest()[pri:0, instance:storefront.testclasses.StoreTests@6ab4ba9f]" started-at="2022-05-20T20:10:40 BST" name="beforeTest" finished-at="2022-05-20T20:10:40 BST" duration-ms="0" status="PASS">
          <reporter-output>
          </reporter-output>
        </test-method> <!-- beforeTest -->
        <test-method is-config="true" signature="beforeClass()[pri:0, instance:storefront.testclasses.StoreTests@6ab4ba9f]" started-at="2022-05-20T20:10:40 BST" name="beforeClass" finished-at="2022-05-20T20:10:46 BST" duration-ms="5692" status="PASS">
          <reporter-output>
          </reporter-output>
        </test-method> <!-- beforeClass -->
        <test-method is-config="true" signature="beforeMethod()[pri:0, instance:storefront.testclasses.StoreTests@6ab4ba9f]" started-at="2022-05-20T20:10:48 BST" name="beforeMethod" finished-at="2022-05-20T20:10:48 BST" duration-ms="1" status="PASS">
          <reporter-output>
          </reporter-output>
        </test-method> <!-- beforeMethod -->
        <test-method signature="addProductsToCart(java.lang.String,java.lang.String,java.lang.String,java.lang.String,java.lang.String)[pri:0, instance:storefront.testclasses.StoreTests@6ab4ba9f]" started-at="2022-05-20T20:10:48 BST" name="addProductsToCart" data-provider="ProductList" finished-at="2022-05-20T20:10:59 BST" duration-ms="10758" status="PASS">
          <params>
            <param index="0">
              <value>
                <![CDATA[36]]>
              </value>
            </param>
            <param index="1">
              <value>
                <![CDATA[Avactis T-Shirt]]>
              </value>
            </param>
            <param index="2">
              <value>
                <![CDATA[Apparel]]>
              </value>
            </param>
            <param index="3">
              <value>
                <![CDATA[None]]>
              </value>
            </param>
            <param index="4">
              <value>
                <![CDATA[YES]]>
              </value>
            </param>
          </params>
          <reporter-output>
          </reporter-output>
        </test-method> <!-- addProductsToCart -->
        <test-method is-config="true" signature="afterMethod()[pri:0, instance:storefront.testclasses.StoreTests@6ab4ba9f]" started-at="2022-05-20T20:10:59 BST" name="afterMethod" finished-at="2022-05-20T20:10:59 BST" duration-ms="0" status="PASS">
          <reporter-output>
          </reporter-output>
        </test-method> <!-- afterMethod -->
        <test-method signature="addProductsToCart(java.lang.String,java.lang.String,java.lang.String,java.lang.String,java.lang.String)[pri:0, instance:storefront.testclasses.StoreTests@6ab4ba9f]" started-at="2022-05-20T20:10:59 BST" name="addProductsToCart" data-provider="ProductList" finished-at="2022-05-20T20:11:03 BST" duration-ms="3905" status="FAIL">
          <params>
            <param index="0">
              <value>
                <![CDATA[90]]>
              </value>
            </param>
            <param index="1">
              <value>
                <![CDATA[Up]]>
              </value>
            </param>
            <param index="2">
              <value>
                <![CDATA[DVD]]>
              </value>
            </param>
            <param index="3">
              <value>
                <![CDATA[Kids DVDs]]>
              </value>
            </param>
            <param index="4">
              <value>
                <![CDATA[YES]]>
              </value>
            </param>
          </params>
          <exception class="java.lang.AssertionError">
            <message>
              <![CDATA[expected [Kids DVDs - Avactis Demo Store s] but found [Kids DVDs - Avactis Demo Store]]]>
            </message>
            <full-stacktrace>
              <![CDATA[java.lang.AssertionError: expected [Kids DVDs - Avactis Demo Store s] but found [Kids DVDs - Avactis Demo Store]
at org.testng.Assert.fail(Assert.java:110)
at org.testng.Assert.failNotEquals(Assert.java:1413)
at org.testng.Assert.assertEqualsImpl(Assert.java:149)
at org.testng.Assert.assertEquals(Assert.java:131)
at org.testng.Assert.assertEquals(Assert.java:655)
at org.testng.Assert.assertEquals(Assert.java:665)
at storefront.pageobjects.ProductsPage.isLoaded(ProductsPage.java:45)
at org.openqa.selenium.support.ui.LoadableComponent.get(LoadableComponent.java:52)
at storefront.pageobjects.ProductsPage.<init>(ProductsPage.java:35)
at storefront.pageobjects.AvactisStoreFrontPage.addItemToTheCart(AvactisStoreFrontPage.java:107)
at storefront.testclasses.StoreTests.addProductsToCart(StoreTests.java:30)
at java.base/jdk.internal.reflect.NativeMethodAccessorImpl.invoke0(Native Method)
at java.base/jdk.internal.reflect.NativeMethodAccessorImpl.invoke(NativeMethodAccessorImpl.java:77)
at java.base/jdk.internal.reflect.DelegatingMethodAccessorImpl.invoke(DelegatingMethodAccessorImpl.java:43)
at java.base/java.lang.reflect.Method.invoke(Method.java:568)
at org.testng.internal.invokers.MethodInvocationHelper.invokeMethod(MethodInvocationHelper.java:135)
at org.testng.internal.invokers.TestInvoker.invokeMethod(TestInvoker.java:673)
at org.testng.internal.invokers.TestInvoker.invokeTestMethod(TestInvoker.java:220)
at org.testng.internal.invokers.MethodRunner.runInSequence(MethodRunner.java:50)
at org.testng.internal.invokers.TestInvoker$MethodInvocationAgent.invoke(TestInvoker.java:945)
at org.testng.internal.invokers.TestInvoker.invokeTestMethods(TestInvoker.java:193)
at org.testng.internal.invokers.TestMethodWorker.invokeTestMethods(TestMethodWorker.java:146)
at org.testng.internal.invokers.TestMethodWorker.run(TestMethodWorker.java:128)
at java.base/java.util.ArrayList.forEach(ArrayList.java:1511)
at org.testng.TestRunner.privateRun(TestRunner.java:808)
at org.testng.TestRunner.run(TestRunner.java:603)
at org.testng.SuiteRunner.runTest(SuiteRunner.java:429)
at org.testng.SuiteRunner.runSequentially(SuiteRunner.java:423)
at org.testng.SuiteRunner.privateRun(SuiteRunner.java:383)
at org.testng.SuiteRunner.run(SuiteRunner.java:326)
at org.testng.SuiteRunnerWorker.runSuite(SuiteRunnerWorker.java:52)
at org.testng.SuiteRunnerWorker.run(SuiteRunnerWorker.java:95)
at org.testng.TestNG.runSuitesSequentially(TestNG.java:1249)
at org.testng.TestNG.runSuitesLocally(TestNG.java:1169)
at org.testng.TestNG.runSuites(TestNG.java:1092)
at org.testng.TestNG.run(TestNG.java:1060)
at org.testng.remote.AbstractRemoteTestNG.run(AbstractRemoteTestNG.java:115)
at org.testng.remote.RemoteTestNG.initAndRun(RemoteTestNG.java:251)
at org.testng.remote.RemoteTestNG.main(RemoteTestNG.java:77)
]]>
            </full-stacktrace>
          </exception> <!-- java.lang.AssertionError -->
          <reporter-output>
          </reporter-output>
        </test-method> <!-- addProductsToCart -->
        <test-method is-config="true" signature="beforeMethod()[pri:0, instance:storefront.testclasses.StoreTests@6ab4ba9f]" started-at="2022-05-20T20:10:59 BST" name="beforeMethod" finished-at="2022-05-20T20:10:59 BST" duration-ms="0" status="PASS">
          <reporter-output>
          </reporter-output>
        </test-method> <!-- beforeMethod -->
        <test-method is-config="true" signature="beforeMethod()[pri:0, instance:storefront.testclasses.StoreTests@6ab4ba9f]" started-at="2022-05-20T20:11:04 BST" name="beforeMethod" finished-at="2022-05-20T20:11:04 BST" duration-ms="0" status="PASS">
          <reporter-output>
          </reporter-output>
        </test-method> <!-- beforeMethod -->
        <test-method is-config="true" signature="afterMethod()[pri:0, instance:storefront.testclasses.StoreTests@6ab4ba9f]" started-at="2022-05-20T20:11:04 BST" name="afterMethod" finished-at="2022-05-20T20:11:04 BST" duration-ms="0" status="PASS">
          <reporter-output>
          </reporter-output>
        </test-method> <!-- afterMethod -->
        <test-method signature="addProductsToCart(java.lang.String,java.lang.String,java.lang.String,java.lang.String,java.lang.String)[pri:0, instance:storefront.testclasses.StoreTests@6ab4ba9f]" started-at="2022-05-20T20:11:04 BST" name="addProductsToCart" data-provider="ProductList" finished-at="2022-05-20T20:11:15 BST" duration-ms="11062" status="PASS">
          <params>
            <param index="0">
              <value>
                <![CDATA[126]]>
              </value>
            </param>
            <param index="1">
              <value>
                <![CDATA[Sea Eagle Sport Kayak]]>
              </value>
            </param>
            <param index="2">
              <value>
                <![CDATA[Sports]]>
              </value>
            </param>
            <param index="3">
              <value>
                <![CDATA[None]]>
              </value>
            </param>
            <param index="4">
              <value>
                <![CDATA[YES]]>
              </value>
            </param>
          </params>
          <reporter-output>
          </reporter-output>
        </test-method> <!-- addProductsToCart -->
        <test-method is-config="true" signature="afterMethod()[pri:0, instance:storefront.testclasses.StoreTests@6ab4ba9f]" started-at="2022-05-20T20:11:15 BST" name="afterMethod" finished-at="2022-05-20T20:11:15 BST" duration-ms="11" status="PASS">
          <reporter-output>
          </reporter-output>
        </test-method> <!-- afterMethod -->
        <test-method is-config="true" signature="afterClass()[pri:0, instance:storefront.testclasses.StoreTests@6ab4ba9f]" started-at="2022-05-20T20:11:15 BST" name="afterClass" finished-at="2022-05-20T20:11:15 BST" duration-ms="0" status="PASS">
          <reporter-output>
          </reporter-output>
        </test-method> <!-- afterClass -->
        <test-method is-config="true" signature="afterTest()[pri:0, instance:storefront.testclasses.StoreTests@6ab4ba9f]" started-at="2022-05-20T20:11:15 BST" name="afterTest" finished-at="2022-05-20T20:11:15 BST" duration-ms="0" status="PASS">
          <reporter-output>
          </reporter-output>
        </test-method> <!-- afterTest -->
        <test-method is-config="true" signature="afterSuite()[pri:0, instance:storefront.testclasses.StoreTests@6ab4ba9f]" started-at="2022-05-20T20:11:15 BST" name="afterSuite" finished-at="2022-05-20T20:11:15 BST" duration-ms="0" status="PASS">
          <reporter-output>
          </reporter-output>
        </test-method> <!-- afterSuite -->
      </class> <!-- storefront.testclasses.StoreTests -->
    </test> <!-- Default test -->
  </suite> <!-- Default suite -->
</testng-results>
